Build started 2015-01-04 19:27:21.
     1>Project "C:\Users\Bartek\documents\visual studio 2013\Projects\diagrams\diagrams\diagrams.vcxproj" on node 2 (Build target(s)).
     1>ClCompile:
         C:\Program Files (x86)\Microsoft Visual Studio 12.0\VC\bin\CL.exe /c /Zi /nologo /W3 /WX- /sdl /O2 /Oi /Oy- /GL /D WIN32 /D NDEBUG /D _CONSOLE /D _LIB /D _UNICODE /D UNICODE /Gm- /EHsc /MD /GS /Gy /fp:precise /Zc:wchar_t /Zc:forScope /Yu"stdafx.h" /Fp"Release\diagrams.pch" /Fo"Release\\" /Fd"Release\vc120.pdb" /Gd /TP /analyze- /errorReport:prompt Class.cpp ClassManager.cpp diagrams.cpp
         Class.cpp
     1>Class.cpp(59): warning C4018: '<' : signed/unsigned mismatch
     1>Class.cpp(96): error C2059: syntax error : ')'
     1>Class.cpp(100): error C2065: 'm' : undeclared identifier
     1>Class.cpp(100): error C2784: 'bool std::regex_search(const std::basic_string<_Elem,_StTraits,_StAlloc> &,const std::basic_regex<_Elem,_RxTraits> &,std::regex_constants::match_flag_type)' : could not deduce template argument for 'const std::basic_regex<_Elem,_RxTraits> &' from 'unknown-type'
                 C:\Program Files (x86)\Microsoft Visual Studio 12.0\VC\include\regex(2896) : see declaration of 'std::regex_search'
     1>Class.cpp(100): error C2784: 'bool std::regex_search(const std::basic_string<_Elem,_StTraits,_StAlloc> &,std::match_results<basic_string<_Elem,_StTraits,_StAlloc>::const_iterator,_Alloc> &,const std::basic_regex<_Elem,_RxTraits> &,std::regex_constants::match_flag_type)' : could not deduce template argument for 'std::match_results<basic_string<_Elem,_StTraits,_StAlloc>::const_iterator,_Alloc> &' from 'unknown-type'
                 C:\Program Files (x86)\Microsoft Visual Studio 12.0\VC\include\regex(2880) : see declaration of 'std::regex_search'
     1>Class.cpp(100): error C2784: 'bool std::regex_search(const _Elem *,std::match_results<const _Elem*,_Alloc> &,const std::basic_regex<_Elem,_RxTraits> &,std::regex_constants::match_flag_type)' : could not deduce template argument for 'const _Elem *' from 'std::string'
                 C:\Program Files (x86)\Microsoft Visual Studio 12.0\VC\include\regex(2865) : see declaration of 'std::regex_search'
     1>Class.cpp(100): error C2784: 'bool std::regex_search(const _Elem *,const std::basic_regex<_Elem,_RxTraits> &,std::regex_constants::match_flag_type)' : could not deduce template argument for 'const _Elem *' from 'std::string'
                 C:\Program Files (x86)\Microsoft Visual Studio 12.0\VC\include\regex(2851) : see declaration of 'std::regex_search'
     1>Class.cpp(100): error C2782: 'bool std::regex_search(_BidIt,_BidIt,const std::basic_regex<_Elem,_RxTraits> &,std::regex_constants::match_flag_type)' : template parameter '_BidIt' is ambiguous
                 C:\Program Files (x86)\Microsoft Visual Studio 12.0\VC\include\regex(2839) : see declaration of 'std::regex_search'
                 could be 'unknown-type'
                 or       'std::string'
     1>Class.cpp(100): error C2780: 'bool std::regex_search(_BidIt,_BidIt,std::match_results<_BidIt,_Alloc> &,const std::basic_regex<_Elem,_RxTraits> &,std::regex_constants::match_flag_type)' : expects 5 arguments - 3 provided
                 C:\Program Files (x86)\Microsoft Visual Studio 12.0\VC\include\regex(2827) : see declaration of 'std::regex_search'
     1>Class.cpp(100): fatal error C1903: unable to recover from previous error(s); stopping compilation
         ClassManager.cpp
     1>ClassManager.cpp(52): warning C4018: '<' : signed/unsigned mismatch
     1>ClassManager.cpp(63): warning C4018: '<' : signed/unsigned mismatch
     1>ClassManager.cpp(72): warning C4018: '<' : signed/unsigned mismatch
         diagrams.cpp
     1>Done Building Project "C:\Users\Bartek\documents\visual studio 2013\Projects\diagrams\diagrams\diagrams.vcxproj" (Build target(s)) -- FAILED.

Build FAILED.

Time Elapsed 00:00:02.80
